DEBUG - 2025-09-10 00:08:12 --> Controller initialized
DEBUG - 2025-09-10 00:08:12 --> Attempting to load template/mahasiswa
DEBUG - 2025-09-10 00:08:15 --> Controller initialized
DEBUG - 2025-09-10 00:08:15 --> Attempting to load template/index
DEBUG - 2025-09-10 02:20:49 --> Controller initialized
DEBUG - 2025-09-10 02:20:49 --> Attempting to load template/mahasiswa
DEBUG - 2025-09-10 02:20:53 --> Controller initialized
DEBUG - 2025-09-10 02:20:53 --> Attempting to load template/index
DEBUG - 2025-09-10 02:37:36 --> Controller initialized
DEBUG - 2025-09-10 02:37:36 --> Attempting to load template/index
DEBUG - 2025-09-10 02:38:15 --> Controller initialized
DEBUG - 2025-09-10 02:38:15 --> Attempting to load template/mahasiswa
ERROR - 2025-09-10 02:38:18 --> Error connecting to the database: mysqli_sql_exception: No connection could be made because the target machine actively refused it in C:\xampp\htdocs\CI4_2\system\Database\MySQLi\Connection.php:201
Stack trace:
#0 C:\xampp\htdocs\CI4_2\system\Database\MySQLi\Connection.php(201): mysqli->real_connect('127.0.0.1', 'root', Object(SensitiveParameterValue), 'mahasiswa', 3306, '', 0)
#1 C:\xampp\htdocs\CI4_2\system\Database\BaseConnection.php(419): CodeIgniter\Database\MySQLi\Connection->connect(false)
#2 C:\xampp\htdocs\CI4_2\system\Database\BaseConnection.php(614): CodeIgniter\Database\BaseConnection->initialize()
#3 C:\xampp\htdocs\CI4_2\system\Database\BaseBuilder.php(1649): CodeIgniter\Database\BaseConnection->query('SELECT *\nFROM `...', Array, false)
#4 C:\xampp\htdocs\CI4_2\system\Model.php(286): CodeIgniter\Database\BaseBuilder->get()
#5 C:\xampp\htdocs\CI4_2\system\BaseModel.php(677): CodeIgniter\Model->doFindAll(0, 0)
#6 C:\xampp\htdocs\CI4_2\app\Models\MahasiswaModel.php(15): CodeIgniter\BaseModel->findAll()
#7 C:\xampp\htdocs\CI4_2\app\Controllers\Template.php(31): App\Models\MahasiswaModel->getMahasiswa()
#8 C:\xampp\htdocs\CI4_2\system\CodeIgniter.php(933): App\Controllers\Template->mahasiswa()
#9 C:\xampp\htdocs\CI4_2\system\CodeIgniter.php(507): CodeIgniter\CodeIgniter->runController(Object(App\Controllers\Template))
#10 C:\xampp\htdocs\CI4_2\system\CodeIgniter.php(354): CodeIgniter\CodeIgniter->handleRequest(NULL, Object(Config\Cache), false)
#11 C:\xampp\htdocs\CI4_2\system\Boot.php(363): CodeIgniter\CodeIgniter->run()
#12 C:\xampp\htdocs\CI4_2\system\Boot.php(68): CodeIgniter\Boot::runCodeIgniter(Object(CodeIgniter\CodeIgniter))
#13 C:\xampp\htdocs\CI4_2\public\index.php(59): CodeIgniter\Boot::bootWeb(Object(Config\Paths))
#14 {main}

Next CodeIgniter\Database\Exceptions\DatabaseException: No connection could be made because the target machine actively refused it in C:\xampp\htdocs\CI4_2\system\Database\MySQLi\Connection.php:246
Stack trace:
#0 C:\xampp\htdocs\CI4_2\system\Database\BaseConnection.php(419): CodeIgniter\Database\MySQLi\Connection->connect(false)
#1 C:\xampp\htdocs\CI4_2\system\Database\BaseConnection.php(614): CodeIgniter\Database\BaseConnection->initialize()
#2 C:\xampp\htdocs\CI4_2\system\Database\BaseBuilder.php(1649): CodeIgniter\Database\BaseConnection->query('SELECT *\nFROM `...', Array, false)
#3 C:\xampp\htdocs\CI4_2\system\Model.php(286): CodeIgniter\Database\BaseBuilder->get()
#4 C:\xampp\htdocs\CI4_2\system\BaseModel.php(677): CodeIgniter\Model->doFindAll(0, 0)
#5 C:\xampp\htdocs\CI4_2\app\Models\MahasiswaModel.php(15): CodeIgniter\BaseModel->findAll()
#6 C:\xampp\htdocs\CI4_2\app\Controllers\Template.php(31): App\Models\MahasiswaModel->getMahasiswa()
#7 C:\xampp\htdocs\CI4_2\system\CodeIgniter.php(933): App\Controllers\Template->mahasiswa()
#8 C:\xampp\htdocs\CI4_2\system\CodeIgniter.php(507): CodeIgniter\CodeIgniter->runController(Object(App\Controllers\Template))
#9 C:\xampp\htdocs\CI4_2\system\CodeIgniter.php(354): CodeIgniter\CodeIgniter->handleRequest(NULL, Object(Config\Cache), false)
#10 C:\xampp\htdocs\CI4_2\system\Boot.php(363): CodeIgniter\CodeIgniter->run()
#11 C:\xampp\htdocs\CI4_2\system\Boot.php(68): CodeIgniter\Boot::runCodeIgniter(Object(CodeIgniter\CodeIgniter))
#12 C:\xampp\htdocs\CI4_2\public\index.php(59): CodeIgniter\Boot::bootWeb(Object(Config\Paths))
#13 {main}
CRITICAL - 2025-09-10 02:38:18 --> CodeIgniter\Database\Exceptions\DatabaseException: Unable to connect to the database.
Main connection [MySQLi]: No connection could be made because the target machine actively refused it
[Method: GET, Route: template/mahasiswa]
in SYSTEMPATH\Database\BaseConnection.php on line 465.
 1 SYSTEMPATH\Database\BaseConnection.php(614): CodeIgniter\Database\BaseConnection->initialize()
 2 SYSTEMPATH\Database\BaseBuilder.php(1649): CodeIgniter\Database\BaseConnection->query('SELECT *
FROM `biodata`
ORDER BY `nim` ASC', [], false)
 3 SYSTEMPATH\Model.php(286): CodeIgniter\Database\BaseBuilder->get()
 4 SYSTEMPATH\BaseModel.php(677): CodeIgniter\Model->doFindAll(0, 0)
 5 APPPATH\Models\MahasiswaModel.php(15): CodeIgniter\BaseModel->findAll()
 6 APPPATH\Controllers\Template.php(31): App\Models\MahasiswaModel->getMahasiswa()
 7 SYSTEMPATH\CodeIgniter.php(933): App\Controllers\Template->mahasiswa()
 8 SYSTEMPATH\CodeIgniter.php(507): CodeIgniter\CodeIgniter->runController(Object(App\Controllers\Template))
 9 SYSTEMPATH\CodeIgniter.php(354): CodeIgniter\CodeIgniter->handleRequest(null, Object(Config\Cache), false)
10 SYSTEMPATH\Boot.php(363): CodeIgniter\CodeIgniter->run()
11 SYSTEMPATH\Boot.php(68): CodeIgniter\Boot::runCodeIgniter(Object(CodeIgniter\CodeIgniter))
12 FCPATH\index.php(59): CodeIgniter\Boot::bootWeb(Object(Config\Paths))
DEBUG - 2025-09-10 03:52:58 --> Controller initialized
DEBUG - 2025-09-10 03:52:58 --> Attempting to load template/index
DEBUG - 2025-09-10 03:53:00 --> Controller initialized
DEBUG - 2025-09-10 03:53:00 --> Attempting to load template/mahasiswa
